

*******************************************************************************
Sun Feb 16 11:39:59 2020


FIT:    data read from "etot.dat" using 1:2
        format = x:z
        #datapoints = 7
        residuals are weighted equally (unit weight)

function used for fitting: e(x)
	e(x)=b0*x/b0p*(1.0/(b0p-1.0)*(v0/x)**b0p+1)+ec
fitted parameters initialized with current variable values

iter      chisq       delta/lim  lambda   b0            b0p           v0            ec           
   0 5.9901658271e+02   0.00e+00  9.82e+00    1.000000e-01   4.000000e+00   2.771790e+02  -7.873647e+00
  60 4.3271809632e-10  -3.92e-01  9.82e-05    3.014671e-03   5.385100e+00   2.767401e+02  -8.063896e+00

After 60 iterations the fit converged.
final sum of squares of residuals : 4.32718e-10
rel. change during last iteration : -3.92324e-06

degrees of freedom    (FIT_NDF)                        : 3
rms of residuals      (FIT_STDFIT) = sqrt(WSSR/ndf)    : 1.201e-05
variance of residuals (reduced chisquare) = WSSR/ndf   : 1.44239e-10

Final set of parameters            Asymptotic Standard Error
=======================            ==========================
b0              = 0.00301467       +/- 4.538e-05    (1.505%)
b0p             = 5.3851           +/- 1.939        (36.01%)
v0              = 276.74           +/- 0.1408       (0.05087%)
ec              = -8.0639          +/- 0.08386      (1.04%)

correlation matrix of the fit parameters:
                b0     b0p    v0     ec     
b0              1.000 
b0p             0.108  1.000 
v0             -0.107 -0.930  1.000 
ec              0.074  0.999 -0.929  1.000 
