
 ==================================== 
 = VIBRATIONAL NORMAL MODE ANALYSIS = 
 ==================================== 

 NUMBER OF ATOMS        :     6
 NUMBER OF NORMAL MODES :    18

 IA =   1 MASS (AMU) =    12.01
 IA =   2 MASS (AMU) =     1.01
 IA =   3 MASS (AMU) =     1.01
 IA =   4 MASS (AMU) =    12.01
 IA =   5 MASS (AMU) =     1.01
 IA =   6 MASS (AMU) =     1.01

    1   1  0.020000  0.000000  0.000000    -0.016173 -0.000000  0.000000
    1   2  0.000000  0.000000  0.000000     0.002450  0.002440  0.000000
    1   3  0.000000  0.000000  0.000000     0.002450 -0.002439  0.000000
    1   4  0.000000  0.000000  0.000000     0.010774 -0.000000  0.000000
    1   5  0.000000  0.000000  0.000000     0.000250  0.000072 -0.000000
    1   6  0.000000  0.000000  0.000000     0.000250 -0.000072  0.000000

    2   1  0.000000  0.020000  0.000000     0.000000 -0.012158 -0.000000
    2   2  0.000000  0.000000  0.000000     0.002316  0.005117 -0.000000
    2   3  0.000000  0.000000  0.000000    -0.002316  0.005118 -0.000000
    2   4  0.000000  0.000000  0.000000    -0.000000  0.001976 -0.000000
    2   5  0.000000  0.000000  0.000000    -0.000590 -0.000028 -0.000000
    2   6  0.000000  0.000000  0.000000     0.000590 -0.000028  0.000000

    3   1  0.000000  0.000000  0.020000    -0.000000  0.000000 -0.002063
    3   2  0.000000  0.000000  0.000000    -0.000000  0.000000  0.000674
    3   3  0.000000  0.000000  0.000000    -0.000000  0.000000  0.000674
    3   4  0.000000  0.000000  0.000000     0.000001 -0.000000  0.000933
    3   5  0.000000  0.000000  0.000000     0.000000  0.000000 -0.000114
    3   6  0.000000  0.000000  0.000000    -0.000000  0.000000 -0.000114

    4   1  0.000000  0.000000  0.000000     0.002450  0.002309 -0.000002
    4   2  0.020000  0.000000  0.000000    -0.002595 -0.002613 -0.000000
    4   3  0.000000  0.000000  0.000000    -0.000175 -0.000258 -0.000000
    4   4  0.000000  0.000000  0.000000     0.000250  0.000590 -0.000001
    4   5  0.000000  0.000000  0.000000    -0.000017 -0.000010 -0.000000
    4   6  0.000000  0.000000  0.000000     0.000090 -0.000018 -0.000000

    5   1  0.000000  0.000000  0.000000     0.002437  0.005106 -0.000000
    5   2  0.000000  0.020000  0.000000    -0.002613 -0.005289  0.000000
    5   3  0.000000  0.000000  0.000000     0.000258  0.000295 -0.000000
    5   4  0.000000  0.000000  0.000000    -0.000074 -0.000029 -0.000000
    5   5  0.000000  0.000000  0.000000     0.000009 -0.000040  0.000000
    5   6  0.000000  0.000000  0.000000    -0.000019 -0.000043 -0.000000

    6   1  0.000000  0.000000  0.000000    -0.000001 -0.000001  0.000677
    6   2  0.000000  0.000000  0.020000     0.000000  0.000000 -0.000451
    6   3  0.000000  0.000000  0.000000    -0.000000 -0.000000 -0.000042
    6   4  0.000000  0.000000  0.000000     0.000000  0.000000 -0.000110
    6   5  0.000000  0.000000  0.000000     0.000000  0.000000  0.000175
    6   6  0.000000  0.000000  0.000000     0.000000 -0.000000 -0.000238

    7   1  0.000000  0.000000  0.000000     0.002451 -0.002309  0.000001
    7   2  0.000000  0.000000  0.000000    -0.000175  0.000258  0.000000
    7   3  0.020000  0.000000  0.000000    -0.002595  0.002613  0.000000
    7   4  0.000000  0.000000  0.000000     0.000249 -0.000590  0.000001
    7   5  0.000000  0.000000  0.000000     0.000089  0.000018  0.000000
    7   6  0.000000  0.000000  0.000000    -0.000018  0.000009  0.000000

    8   1  0.000000  0.000000  0.000000    -0.002438  0.005105 -0.000000
    8   2  0.000000  0.000000  0.000000    -0.000258  0.000296 -0.000000
    8   3  0.000000  0.020000  0.000000     0.002614 -0.005291 -0.000000
    8   4  0.000000  0.000000  0.000000     0.000071 -0.000030  0.000000
    8   5  0.000000  0.000000  0.000000     0.000018 -0.000044 -0.000000
    8   6  0.000000  0.000000  0.000000    -0.000009 -0.000039 -0.000000

    9   1  0.000000  0.000000  0.000000    -0.000001 -0.000001  0.000680
    9   2  0.000000  0.000000  0.000000     0.000000  0.000000 -0.000041
    9   3  0.000000  0.000000  0.020000    -0.000000 -0.000000 -0.000451
    9   4  0.000000  0.000000  0.000000     0.000001  0.000000 -0.000108
    9   5  0.000000  0.000000  0.000000     0.000000 -0.000000 -0.000237
    9   6  0.000000  0.000000  0.000000     0.000000  0.000001  0.000175

   10   1  0.000000  0.000000  0.000000     0.010770 -0.000000 -0.000000
   10   2  0.000000  0.000000  0.000000     0.000249 -0.000073 -0.000000
   10   3  0.000000  0.000000  0.000000     0.000249  0.000073 -0.000000
   10   4  0.020000  0.000000  0.000000    -0.016166  0.000000  0.000000
   10   5  0.000000  0.000000  0.000000     0.002450 -0.002439  0.000000
   10   6  0.000000  0.000000  0.000000     0.002450  0.002439  0.000000

   11   1  0.000000  0.000000  0.000000    -0.000000  0.001976 -0.000000
   11   2  0.000000  0.000000  0.000000     0.000590 -0.000028  0.000000
   11   3  0.000000  0.000000  0.000000    -0.000590 -0.000029 -0.000000
   11   4  0.000000  0.020000  0.000000    -0.000000 -0.012157 -0.000000
   11   5  0.000000  0.000000  0.000000    -0.002316  0.005117 -0.000000
   11   6  0.000000  0.000000  0.000000     0.002316  0.005118  0.000000

   12   1  0.000000  0.000000  0.000000    -0.000001 -0.000000  0.000933
   12   2  0.000000  0.000000  0.000000     0.000000  0.000000 -0.000114
   12   3  0.000000  0.000000  0.000000     0.000000 -0.000000 -0.000114
   12   4  0.000000  0.000000  0.020000    -0.000000  0.000000 -0.002063
   12   5  0.000000  0.000000  0.000000     0.000000  0.000000  0.000674
   12   6  0.000000  0.000000  0.000000     0.000000  0.000000  0.000674

   13   1  0.000000  0.000000  0.000000     0.000250 -0.000590 -0.000002
   13   2  0.000000  0.000000  0.000000    -0.000017  0.000010 -0.000000
   13   3  0.000000  0.000000  0.000000     0.000090  0.000018 -0.000000
   13   4  0.000000  0.000000  0.000000     0.002449 -0.002310 -0.000003
   13   5  0.020000  0.000000  0.000000    -0.002596  0.002613 -0.000000
   13   6  0.000000  0.000000  0.000000    -0.000175  0.000258 -0.000000

   14   1  0.000000  0.000000  0.000000     0.000071 -0.000030 -0.000000
   14   2  0.000000  0.000000  0.000000    -0.000009 -0.000039  0.000000
   14   3  0.000000  0.000000  0.000000     0.000018 -0.000044 -0.000000
   14   4  0.000000  0.000000  0.000000    -0.002438  0.005105  0.000000
   14   5  0.000000  0.020000  0.000000     0.002614 -0.005291  0.000000
   14   6  0.000000  0.000000  0.000000    -0.000258  0.000296  0.000000

   15   1  0.000000  0.000000  0.000000    -0.000001  0.000000 -0.000110
   15   2  0.000000  0.000000  0.000000     0.000000  0.000000  0.000175
   15   3  0.000000  0.000000  0.000000     0.000000 -0.000000 -0.000238
   15   4  0.000000  0.000000  0.000000     0.000000 -0.000001  0.000678
   15   5  0.000000  0.000000  0.020000     0.000000  0.000000 -0.000451
   15   6  0.000000  0.000000  0.000000     0.000000 -0.000000 -0.000042

   16   1  0.000000  0.000000  0.000000     0.000250  0.000591  0.000002
   16   2  0.000000  0.000000  0.000000     0.000089 -0.000018  0.000000
   16   3  0.000000  0.000000  0.000000    -0.000017 -0.000010  0.000001
   16   4  0.000000  0.000000  0.000000     0.002449  0.002311  0.000001
   16   5  0.000000  0.000000  0.000000    -0.000175 -0.000258  0.000000
   16   6  0.020000  0.000000  0.000000    -0.002596 -0.002613  0.000000

   17   1  0.000000  0.000000  0.000000    -0.000078 -0.000028  0.000000
   17   2  0.000000  0.000000  0.000000    -0.000019 -0.000043  0.000000
   17   3  0.000000  0.000000  0.000000     0.000009 -0.000040  0.000000
   17   4  0.000000  0.000000  0.000000     0.002438  0.005107  0.000000
   17   5  0.000000  0.000000  0.000000     0.000259  0.000293  0.000000
   17   6  0.000000  0.020000  0.000000    -0.002612 -0.005289  0.000000

   18   1  0.000000  0.000000  0.000000    -0.000001  0.000000 -0.000108
   18   2  0.000000  0.000000  0.000000    -0.000000 -0.000000 -0.000237
   18   3  0.000000  0.000000  0.000000    -0.000000  0.000001  0.000175
   18   4  0.000000  0.000000  0.000000     0.000001 -0.000001  0.000680
   18   5  0.000000  0.000000  0.000000    -0.000000  0.000000 -0.000041
   18   6  0.000000  0.000000  0.020000     0.000000 -0.000000 -0.000451

 F matrix before symmetrization
F:  1  0.809  0.000 -0.000 -0.123 -0.122 -0.000 -0.123  0.122 -0.000 -0.539  0.000 -0.000 -0.013 -0.004  0.000 -0.013  0.004 -0.000
F:  2 -0.000  0.608  0.000 -0.116 -0.256  0.000  0.116 -0.256  0.000  0.000 -0.099  0.000  0.030  0.001  0.000 -0.030  0.001 -0.000
F:  3  0.000 -0.000  0.103  0.000 -0.000 -0.034  0.000 -0.000 -0.034 -0.000  0.000 -0.047 -0.000 -0.000  0.006  0.000 -0.000  0.006
F:  4 -0.122 -0.115  0.000  0.130  0.131  0.000  0.009  0.013  0.000 -0.012 -0.029  0.000  0.001  0.000  0.000 -0.004  0.001  0.000
F:  5 -0.122 -0.255  0.000  0.131  0.264 -0.000 -0.013 -0.015  0.000  0.004  0.001  0.000 -0.000  0.002 -0.000  0.001  0.002  0.000
F:  6  0.000  0.000 -0.034 -0.000 -0.000  0.023  0.000  0.000  0.002 -0.000 -0.000  0.006 -0.000 -0.000 -0.009 -0.000  0.000  0.012
F:  7 -0.123  0.115 -0.000  0.009 -0.013 -0.000  0.130 -0.131 -0.000 -0.012  0.029 -0.000 -0.004 -0.001 -0.000  0.001 -0.000 -0.000
F:  8  0.122 -0.255  0.000  0.013 -0.015  0.000 -0.131  0.265  0.000 -0.004  0.002 -0.000 -0.001  0.002  0.000  0.000  0.002  0.000
F:  9  0.000  0.000 -0.034 -0.000 -0.000  0.002  0.000  0.000  0.023 -0.000 -0.000  0.005 -0.000  0.000  0.012 -0.000 -0.000 -0.009
F: 10 -0.538  0.000  0.000 -0.012  0.004  0.000 -0.012 -0.004  0.000  0.808 -0.000 -0.000 -0.123  0.122 -0.000 -0.123 -0.122 -0.000
F: 11  0.000 -0.099  0.000 -0.030  0.001 -0.000  0.030  0.001  0.000  0.000  0.608  0.000  0.116 -0.256  0.000 -0.116 -0.256 -0.000
F: 12  0.000  0.000 -0.047 -0.000 -0.000  0.006 -0.000  0.000  0.006  0.000 -0.000  0.103 -0.000 -0.000 -0.034 -0.000 -0.000 -0.034
F: 13 -0.013  0.030  0.000  0.001 -0.000  0.000 -0.004 -0.001  0.000 -0.122  0.115  0.000  0.130 -0.131  0.000  0.009 -0.013  0.000
F: 14 -0.004  0.001  0.000  0.000  0.002 -0.000 -0.001  0.002  0.000  0.122 -0.255 -0.000 -0.131  0.265 -0.000  0.013 -0.015 -0.000
F: 15  0.000 -0.000  0.006 -0.000 -0.000 -0.009 -0.000  0.000  0.012 -0.000  0.000 -0.034 -0.000 -0.000  0.023 -0.000  0.000  0.002
F: 16 -0.012 -0.030 -0.000 -0.004  0.001 -0.000  0.001  0.000 -0.000 -0.122 -0.116 -0.000  0.009  0.013 -0.000  0.130  0.131 -0.000
F: 17  0.004  0.001 -0.000  0.001  0.002 -0.000 -0.000  0.002 -0.000 -0.122 -0.255 -0.000 -0.013 -0.015 -0.000  0.131  0.264 -0.000
F: 18  0.000 -0.000  0.005  0.000  0.000  0.012  0.000 -0.000 -0.009 -0.000  0.000 -0.034  0.000 -0.000  0.002 -0.000  0.000  0.023

 F matrix after symmetrization
F:  1  0.809  0.000 -0.000 -0.122 -0.122  0.000 -0.123  0.122  0.000 -0.539  0.000  0.000 -0.013 -0.004  0.000 -0.013  0.004  0.000
F:  2  0.000  0.608 -0.000 -0.116 -0.256  0.000  0.116 -0.256  0.000  0.000 -0.099  0.000  0.030  0.001 -0.000 -0.030  0.001 -0.000
F:  3 -0.000 -0.000  0.103  0.000  0.000 -0.034 -0.000 -0.000 -0.034 -0.000  0.000 -0.047  0.000 -0.000  0.006 -0.000 -0.000  0.006
F:  4 -0.122 -0.116  0.000  0.130  0.131  0.000  0.009  0.013 -0.000 -0.012 -0.029  0.000  0.001  0.000  0.000 -0.004  0.001  0.000
F:  5 -0.122 -0.256  0.000  0.131  0.264 -0.000 -0.013 -0.015 -0.000  0.004  0.001 -0.000 -0.000  0.002 -0.000  0.001  0.002  0.000
F:  6  0.000  0.000 -0.034  0.000 -0.000  0.023 -0.000  0.000  0.002 -0.000 -0.000  0.006  0.000 -0.000 -0.009 -0.000  0.000  0.012
F:  7 -0.123  0.116 -0.000  0.009 -0.013 -0.000  0.130 -0.131 -0.000 -0.012  0.029 -0.000 -0.004 -0.001 -0.000  0.001 -0.000  0.000
F:  8  0.122 -0.256 -0.000  0.013 -0.015  0.000 -0.131  0.265  0.000 -0.004  0.001 -0.000 -0.001  0.002  0.000  0.000  0.002 -0.000
F:  9  0.000  0.000 -0.034 -0.000 -0.000  0.002 -0.000  0.000  0.023 -0.000 -0.000  0.006  0.000  0.000  0.012 -0.000 -0.000 -0.009
F: 10 -0.539  0.000 -0.000 -0.012  0.004 -0.000 -0.012 -0.004 -0.000  0.808  0.000 -0.000 -0.122  0.122 -0.000 -0.122 -0.122 -0.000
F: 11  0.000 -0.099  0.000 -0.029  0.001 -0.000  0.029  0.001 -0.000  0.000  0.608 -0.000  0.116 -0.256  0.000 -0.116 -0.256  0.000
F: 12  0.000  0.000 -0.047  0.000 -0.000  0.006 -0.000 -0.000  0.006 -0.000 -0.000  0.103  0.000 -0.000 -0.034 -0.000 -0.000 -0.034
F: 13 -0.013  0.030  0.000  0.001 -0.000  0.000 -0.004 -0.001  0.000 -0.122  0.116  0.000  0.130 -0.131  0.000  0.009 -0.013  0.000
F: 14 -0.004  0.001 -0.000  0.000  0.002 -0.000 -0.001  0.002  0.000  0.122 -0.256 -0.000 -0.131  0.265 -0.000  0.013 -0.015 -0.000
F: 15  0.000 -0.000  0.006  0.000 -0.000 -0.009 -0.000  0.000  0.012 -0.000  0.000 -0.034  0.000 -0.000  0.023 -0.000  0.000  0.002
F: 16 -0.013 -0.030 -0.000 -0.004  0.001 -0.000  0.001  0.000 -0.000 -0.122 -0.116 -0.000  0.009  0.013 -0.000  0.130  0.131 -0.000
F: 17  0.004  0.001 -0.000  0.001  0.002  0.000 -0.000  0.002 -0.000 -0.122 -0.256 -0.000 -0.013 -0.015  0.000  0.131  0.264  0.000
F: 18  0.000 -0.000  0.006  0.000  0.000  0.012  0.000 -0.000 -0.009 -0.000  0.000 -0.034  0.000 -0.000  0.002 -0.000  0.000  0.023
 IM1 =    1 MAX. FORCE =       0.00067742
 IM1 =    2 MAX. FORCE =       0.00021892
 IM1 =    3 MAX. FORCE =       0.00019889
 IM1 =    4 MAX. FORCE =       0.00005310
 IM1 =    5 MAX. FORCE =       0.00018960
 IM1 =    6 MAX. FORCE =       0.00056885
 IM1 =    7 MAX. FORCE =       0.01234379
 IM1 =    8 MAX. FORCE =       0.03064920
 IM1 =    9 MAX. FORCE =       0.04973125
 IM1 =   10 MAX. FORCE =       0.02049822
 IM1 =   11 MAX. FORCE =       0.08162534
 IM1 =   12 MAX. FORCE =       0.07083939
 IM1 =   13 MAX. FORCE =       0.06012483
 IM1 =   14 MAX. FORCE =       0.21405174
 IM1 =   15 MAX. FORCE =       0.17840173
 IM1 =   16 MAX. FORCE =       0.22990716
 IM1 =   17 MAX. FORCE =       0.29501730
 IM1 =   18 MAX. FORCE =       0.30922740

 VIBRATIONAL FREQUENCIES AND EIGEN VECTORS
 NATM FAC       MODE  WR        : NU(meV)   NU(cm-1)
   6  0.10D+01     1     -0.42D-03 :   12.97    104.63
        1   0.0016053729   0.1489706203   0.0077855776
        2  -0.2050272590   0.2750160624   0.0033608302
        3   0.2083015880   0.2750435065   0.0109152946
        4   0.0015218689  -0.1463444312   0.0094028305
        5  -0.2050587684  -0.2722879486   0.0066025774
        6   0.2079380574  -0.2722975713   0.0142359830
   6  0.10D+01     2     -0.19D-03 :    8.75     70.59
        1   0.0013201415  -0.0029743239   0.0561237929
        2   0.0057652579  -0.0057269096  -0.4180886790
        3  -0.0030603998  -0.0056105590   0.5324607729
        4   0.0013419612   0.0032643455   0.0561384318
        5   0.0054227055   0.0057445819  -0.4180199022
        6  -0.0028498426   0.0058568337   0.5324765615
   6  0.10D+01     3     -0.62D-04 :    4.98     40.19
        1   0.0167413354   0.0047564834  -0.1780594872
        2   0.0084942472   0.0097954323  -0.3277085439
        3   0.0250988233   0.0098677735  -0.0319401890
        4   0.0167149505  -0.0073339997  -0.1798680544
        5   0.0086903049  -0.0122851011  -0.3311908066
        6   0.0247826381  -0.0122862451  -0.0353178353
   6  0.10D+01     4     -0.18D-04 :    2.67     21.54
        1  -0.1863609485   0.0264764649  -0.0175380163
        2  -0.1886605788   0.0278503482  -0.0360341199
        3  -0.1841814460   0.0279271928  -0.0030984932
        4  -0.1863813674   0.0232941439  -0.0134750342
        5  -0.1885274307   0.0220818958  -0.0284508646
        6  -0.1842899433   0.0220364768   0.0046223010
   6  0.10D+01     5      0.30D-04 :    3.46     27.93
        1  -0.0248858729  -0.1859232736  -0.0008791705
        2  -0.0268382500  -0.1849695400  -0.0024996190
        3  -0.0228799242  -0.1847908814   0.0005897662
        4  -0.0249159409  -0.1883789767  -0.0006116339
        5  -0.0262203627  -0.1892619922  -0.0020042695
        6  -0.0236554951  -0.1894263297   0.0011049056
   6  0.10D+01     6      0.28D-03 :   10.70     86.33
        1   0.0024564259  -0.0009059531  -0.1631904725
        2   0.0035802549  -0.0015990123  -0.3031051524
        3   0.0013826601  -0.0015521315  -0.3018506129
        4   0.0024510545   0.0005644876   0.1614738924
        5   0.0034491881   0.0012012323   0.3002408222
        6   0.0013130673   0.0012319734   0.3012903321
   6  0.27D+00     7      0.25D-01 :  100.48    810.43
        1   0.0000488242  -0.0386060298   0.0001907932
        2  -0.4312460565   0.2305328893  -0.0007185605
        3   0.4314153386   0.2304372781  -0.0005336390
        4   0.0000450793  -0.0385074751   0.0001584656
        5   0.4313075654   0.2304855572  -0.0005828854
        6  -0.4313035643   0.2306887089  -0.0003548087
   6  0.11D+00     8      0.32D-01 :  114.17    920.87
        1  -0.0000605898  -0.0000866694  -0.0782663310
        2  -0.0007126952   0.0003430862   0.4598783093
        3   0.0006251823   0.0003386109   0.4595247453
        4   0.0000424994   0.0000170115  -0.0783883397
        5   0.0005988235   0.0003712781   0.4603442759
        6  -0.0003519852   0.0003086217   0.4597517489
   6  0.67D-01     9      0.34D-01 :  116.25    937.60
        1  -0.0000162070  -0.0000014575  -0.1236052796
        2  -0.0002270873   0.0001622374   0.3969247000
        3   0.0001773211   0.0000985684   0.3960953771
        4  -0.0000176457  -0.0000099678   0.1235560544
        5  -0.0000496925  -0.0000630556  -0.3964801797
        6   0.0000569435  -0.0000278779  -0.3956523453
   6  0.16D+00    10      0.41D-01 :  128.26   1034.48
        1  -0.0000157726  -0.0000222289  -0.0000884023
        2  -0.0001328036   0.0000872838  -0.4977391577
        3   0.0000736567  -0.0000034424   0.4983265194
        4  -0.0000077249   0.0000201921   0.0000840442
        5  -0.0000888549  -0.0000673399   0.4976128267
        6   0.0000807128   0.0000036267  -0.4984672325
   6  0.41D-01    11      0.55D-01 :  148.39   1196.82
        1   0.0000406192  -0.1243407717  -0.0000643369
        2  -0.3778048062   0.1142496248  -0.0002469429
        3   0.3780514034   0.1143417036  -0.0004685109
        4  -0.0000697037   0.1243007903  -0.0000877214
        5  -0.3781524496  -0.1144266321  -0.0002344294
        6   0.3779268342  -0.1144426347  -0.0000108240
   6  0.47D-01    12      0.68D-01 :  165.42   1334.18
        1   0.0866102174   0.0000216400   0.0000036005
        2   0.4149133054  -0.1793854064   0.0002051297
        3   0.4144626934   0.1791940988   0.0001387318
        4  -0.0868903639   0.0000266506  -0.0000234814
        5  -0.4128078184  -0.1781082767   0.0001536681
        6  -0.4131376878   0.1782271326   0.0000207021
   6  0.55D-01    13      0.76D-01 :  175.51   1415.54
        1  -0.0654680659   0.0000297975   0.0000150211
        2   0.3887444099  -0.2651381462  -0.0000532184
        3   0.3888065948   0.2651802731  -0.0000080430
        4  -0.0653754438   0.0000048016   0.0000295630
        5   0.3908057544   0.2663749798   0.0000040550
        6   0.3906945741  -0.2663031156  -0.0000527801
   6  0.16D-01    14      0.10D+00 :  201.49   1625.12
        1   0.1770484777   0.0000031045  -0.0000050932
        2  -0.1301665537   0.2111899959   0.0000173928
        3  -0.1303260724  -0.2112320797   0.0001205099
        4  -0.1769221133   0.0000112977   0.0000006404
        5   0.1297334440   0.2108257349   0.0000550814
        6   0.1294779472  -0.2107768048   0.0001457106
   6  0.19D-01    15      0.36D+00 :  379.55   3061.29
        1  -0.0410004154  -0.0001355305   0.0000035150
        2   0.2449965706   0.4196032482  -0.0000139935
        3   0.2440480100  -0.4182694537  -0.0000631180
        4  -0.0415858271  -0.0001804667   0.0000015677
        5   0.2465944327  -0.4225934105  -0.0000205155
        6   0.2479139015   0.4243425842   0.0000570279
   6  0.14D-01    16      0.36D+00 :  381.80   3079.41
        1  -0.0529541040  -0.0001522311   0.0000016670
        2   0.2466546326   0.4174581093  -0.0000265317
        3   0.2454799586  -0.4156264786   0.0000247635
        4   0.0524979113   0.0001708967  -0.0000019943
        5  -0.2427863296   0.4108870077  -0.0000379659
        6  -0.2440653665  -0.4128515976   0.0000155512
   6  0.11D-01    17      0.37D+00 :  388.22   3131.17
        1   0.0000923770  -0.0657971162   0.0000096680
        2   0.2495192820   0.3994204424   0.0000139979
        3  -0.2505897858   0.4011903667   0.0000151292
        4  -0.0001218048   0.0656601557   0.0000078120
        5   0.2502244758  -0.4005529898   0.0000202780
        6  -0.2488547527  -0.3983305672   0.0000180126
   6  0.11D-01    18      0.38D+00 :  393.55   3174.18
        1  -0.0000955323   0.0669755592   0.0000018739
        2  -0.2482819727  -0.3978133488   0.0000164524
        3   0.2491836992  -0.3994748431   0.0000211069
        4  -0.0000887501   0.0671085074   0.0000033125
        5   0.2498070294  -0.4004113378   0.0000161300
        6  -0.2487534708  -0.3985691051   0.0000200871

             =========             
              SUMMARY              
             =========             

 MODE  WR       : NU(meV)  NU(cm-1)
    1 -0.42D-03 :   12.97    104.63
    2 -0.19D-03 :    8.75     70.59
    3 -0.62D-04 :    4.98     40.19
    4 -0.18D-04 :    2.67     21.54
    5  0.30D-04 :    3.46     27.93
    6  0.28D-03 :   10.70     86.33
    7  0.25D-01 :  100.48    810.43
    8  0.32D-01 :  114.17    920.87
    9  0.34D-01 :  116.25    937.60
   10  0.41D-01 :  128.26   1034.48
   11  0.55D-01 :  148.39   1196.82
   12  0.68D-01 :  165.42   1334.18
   13  0.76D-01 :  175.51   1415.54
   14  0.10D+00 :  201.49   1625.12
   15  0.36D+00 :  379.55   3061.29
   16  0.36D+00 :  381.80   3079.41
   17  0.37D+00 :  388.22   3131.17
   18  0.38D+00 :  393.55   3174.18
